<?xml version="1.0" encoding="UTF-8"?>
<!-- Generated by org.testng.reporters.JUnitReportReporter -->
<testsuite hostname="Jibran" failures="0" tests="1" name="PS1" time="0.013" errors="0" timestamp="2025-05-13T05:27:24 CEST" skipped="0">
  <testcase classname="PS1" name="testRun" time="0.013"/>
</testsuite> <!-- PS1 -->
